<?xml version="1.0" encoding="UTF-8"?>
<!-- Generated by org.testng.reporters.JUnitReportReporter -->
<testsuite hostname="DESKTOP-52RK4PS" failures="0" tests="3" name="com.jbk.Testng.DemoTestNG" time="0.020" errors="0" timestamp="2023-02-14T11:19:25 IST" skipped="0">
  <testcase classname="com.jbk.Testng.DemoTestNG" name="aLogittest" time="0.014"/>
  <system-out/>
  <testcase classname="com.jbk.Testng.DemoTestNG" name="sLogittest" time="0.003"/>
  <system-out/>
  <testcase classname="com.jbk.Testng.DemoTestNG" name="mLogittest" time="0.003"/>
  <system-out/>
</testsuite> <!-- com.jbk.Testng.DemoTestNG -->
