<?xml version="1.0" encoding="UTF-8"?>
<!-- Generated by org.testng.reporters.JUnitReportReporter -->
<testsuite hostname="DESKTOP-52RK4PS" failures="0" tests="2" name="com.jbk.framework.DemoTest" time="0.458" errors="0" timestamp="2023-02-14T15:46:29 IST" skipped="0">
  <testcase classname="com.jbk.framework.DemoTest" name="emailId" time="0.271"/>
  <system-out/>
  <testcase classname="com.jbk.framework.DemoTest" name="password" time="0.187"/>
  <system-out/>
</testsuite> <!-- com.jbk.framework.DemoTest -->
